<?xml version="1.0" encoding="UTF-8"?>
<!-- Generated by org.testng.reporters.JUnitReportReporter -->
<testsuite hostname="DESKTOP-835H1HG" failures="0" tests="1" name="edge.youtubelogin" time="29.787" errors="0" timestamp="2023-09-05T00:14:48 IST" skipped="0">
  <testcase classname="edge.youtubelogin" name="test" time="29.787"/>
</testsuite> <!-- edge.youtubelogin -->
